2012/03/27 10:20:19 [error] [exception.CException] exception 'CException' with message 'Путь CAssetManager.basePath "/var/www/yupe/assets" задан неверно. Удостоверьтесь, что директория существует и доступна для записи пользователю, под которым запущен веб-сервер.' in /var/www/framework/web/CAssetManager.php:112
Stack trace:
#0 /var/www/framework/web/CAssetManager.php(97): CAssetManager->setBasePath('/var/www/yupe/a...')
#1 /var/www/framework/web/CAssetManager.php(207): CAssetManager->getBasePath()
#2 /var/www/framework/zii/widgets/CListView.php(179): CAssetManager->publish('/var/www/framew...')
#3 /var/www/framework/web/CBaseController.php(140): CListView->init()
#4 /var/www/framework/web/CBaseController.php(165): CBaseController->createWidget('zii.widgets.CLi...', Array)
#5 /var/www/yupe/themes/default/views/site/index.php(7): CBaseController->widget('zii.widgets.CLi...', Array)
#6 /var/www/framework/web/CBaseController.php(119): require('/var/www/yupe/t...')
#7 /var/www/framework/web/CBaseController.php(88): CBaseController->renderInternal('/var/www/yupe/t...', Array, true)
#8 /var/www/framework/web/CController.php(866): CBaseController->renderFile('/var/www/yupe/t...', Array, true)
#9 /var/www/framework/web/CController.php(779): CController->renderPartial('index', Array, true)
#10 /var/www/yupe/protected/controllers/SiteController.php(29): CController->render('index', Array)
#11 /var/www/framework/web/actions/CInlineAction.php(50): SiteController->actionIndex()
#12 /var/www/framework/web/CController.php(300): CInlineAction->runWithParams(Array)
#13 /var/www/framework/web/CController.php(278): CController->runAction(Object(CInlineAction))
#14 /var/www/framework/web/CController.php(257): CController->runActionWithFilters(Object(CInlineAction), Array)
#15 /var/www/framework/web/CWebApplication.php(277): CController->run('index')
#16 /var/www/framework/web/CWebApplication.php(136): CWebApplication->runController('site/index')
#17 /var/www/framework/base/CApplication.php(158): CWebApplication->processRequest()
#18 /var/www/yupe/index.php(15): CApplication->run()
#19 {main} REQUEST_URI=/yupe/index.php
2012/03/27 11:24:30 [error] [exception.CException] exception 'CException' with message 'Путь CAssetManager.basePath "/var/www/yupe/assets" задан неверно. Удостоверьтесь, что директория существует и доступна для записи пользователю, под которым запущен веб-сервер.' in /var/www/framework/web/CAssetManager.php:112
Stack trace:
#0 /var/www/framework/web/CAssetManager.php(97): CAssetManager->setBasePath('/var/www/yupe/a...')
#1 /var/www/framework/web/CAssetManager.php(207): CAssetManager->getBasePath()
#2 /var/www/framework/zii/widgets/CListView.php(179): CAssetManager->publish('/var/www/framew...')
#3 /var/www/framework/web/CBaseController.php(140): CListView->init()
#4 /var/www/framework/web/CBaseController.php(165): CBaseController->createWidget('zii.widgets.CLi...', Array)
#5 /var/www/yupe/themes/default/views/site/index.php(7): CBaseController->widget('zii.widgets.CLi...', Array)
#6 /var/www/framework/web/CBaseController.php(119): require('/var/www/yupe/t...')
#7 /var/www/framework/web/CBaseController.php(88): CBaseController->renderInternal('/var/www/yupe/t...', Array, true)
#8 /var/www/framework/web/CController.php(866): CBaseController->renderFile('/var/www/yupe/t...', Array, true)
#9 /var/www/framework/web/CController.php(779): CController->renderPartial('index', Array, true)
#10 /var/www/yupe/protected/controllers/SiteController.php(29): CController->render('index', Array)
#11 /var/www/framework/web/actions/CInlineAction.php(50): SiteController->actionIndex()
#12 /var/www/framework/web/CController.php(300): CInlineAction->runWithParams(Array)
#13 /var/www/framework/web/CController.php(278): CController->runAction(Object(CInlineAction))
#14 /var/www/framework/web/CController.php(257): CController->runActionWithFilters(Object(CInlineAction), Array)
#15 /var/www/framework/web/CWebApplication.php(277): CController->run('index')
#16 /var/www/framework/web/CWebApplication.php(136): CWebApplication->runController('site/index')
#17 /var/www/framework/base/CApplication.php(158): CWebApplication->processRequest()
#18 /var/www/yupe/index.php(15): CApplication->run()
#19 {main} REQUEST_URI=/yupe/index.php
